PRT1
16
32
4 0 8 (1008 0 1008 ) (512 0 1008 ) (512 0 -1008 ) (1008 0 -1008 ) 
4 0 2 (512 0 0 ) (512 0 1008 ) (512 512 1008 ) (512 512 0 ) 
4 0 3 (512 512 -1008 ) (512 0 -1008 ) (512 0 -64 ) (512 512 -64 ) 
4 0 1 (512 1008 1008 ) (512 1008 -1008 ) (512 512 -1008 ) (512 512 1008 ) 
4 1 4 (0 512 1008 ) (0 1008 1008 ) (0 1008 -1008 ) (0 512 -1008 ) 
4 1 2 (512 512 0 ) (512 512 1008 ) (0 512 1008 ) (0 512 0 ) 
4 1 3 (0 512 -1008 ) (512 512 -1008 ) (512 512 -64 ) (0 512 -64 ) 
4 2 9 (512 0 1008 ) (0 0 1008 ) (0 0 0 ) (512 0 0 ) 
4 2 5 (0 0 0 ) (0 0 1008 ) (0 512 1008 ) (0 512 0 ) 
4 3 10 (0 0 -64 ) (0 0 -1008 ) (512 0 -1008 ) (512 0 -64 ) 
4 3 6 (0 0 -1008 ) (0 0 -64 ) (0 512 -64 ) (0 512 -1008 ) 
4 4 5 (-512 512 1008 ) (-512 512 0 ) (0 512 0 ) (0 512 1008 ) 
4 4 6 (-512 512 -64 ) (-512 512 -1008 ) (0 512 -1008 ) (0 512 -64 ) 
4 4 7 (-512 1008 1008 ) (-512 1008 -1008 ) (-512 512 -1008 ) (-512 512 1008 ) 
4 5 12 (0 0 0 ) (0 0 1008 ) (-512 0 1008 ) (-512 0 0 ) 
4 5 7 (-512 0 0 ) (-512 0 1008 ) (-512 512 1008 ) (-512 512 0 ) 
4 6 13 (0 0 -1008 ) (0 0 -64 ) (-512 0 -64 ) (-512 0 -1008 ) 
4 6 7 (-512 512 -1008 ) (-512 0 -1008 ) (-512 0 -64 ) (-512 512 -64 ) 
4 7 15 (-512 0 1008 ) (-1008 0 1008 ) (-1008 0 -1008 ) (-512 0 -1008 ) 
4 8 9 (512 -512 0 ) (512 -512 1008 ) (512 0 1008 ) (512 0 0 ) 
4 8 10 (512 0 -1008 ) (512 -512 -1008 ) (512 -512 -64 ) (512 0 -64 ) 
4 8 11 (512 -512 -1008 ) (512 -1008 -1008 ) (512 -1008 1008 ) (512 -512 1008 ) 
4 9 12 (0 0 1008 ) (0 0 0 ) (0 -512 0 ) (0 -512 1008 ) 
4 9 11 (512 -512 0 ) (512 -512 1008 ) (0 -512 1008 ) (0 -512 0 ) 
4 10 13 (0 0 -64 ) (0 0 -1008 ) (0 -512 -1008 ) (0 -512 -64 ) 
4 10 11 (0 -512 -1008 ) (512 -512 -1008 ) (512 -512 -64 ) (0 -512 -64 ) 
4 11 14 (0 -512 -1008 ) (0 -1008 -1008 ) (0 -1008 1008 ) (0 -512 1008 ) 
4 12 15 (-512 -512 0 ) (-512 -512 1008 ) (-512 0 1008 ) (-512 0 0 ) 
4 12 14 (-512 -512 1008 ) (-512 -512 0 ) (0 -512 0 ) (0 -512 1008 ) 
4 13 14 (-512 -512 -64 ) (-512 -512 -1008 ) (0 -512 -1008 ) (0 -512 -64 ) 
4 13 15 (-512 0 -1008 ) (-512 -512 -1008 ) (-512 -512 -64 ) (-512 0 -64 ) 
4 14 15 (-512 -512 -1008 ) (-512 -1008 -1008 ) (-512 -1008 1008 ) (-512 -512 1008 ) 
